<testsuites id="" name="" tests="3" failures="0" skipped="3" errors="0" time="0.06263799999999992">
<testsuite name="ffb_harvesting\EditFFB.spec.ts" timestamp="2026-08-19T04:13:40.336Z" hostname="chromium" tests="1" failures="0" skipped="1" time="0" errors="0">
<testcase name="FFB-102 - Edit FFB" classname="ffb_harvesting\EditFFB.spec.ts">
<skipped>
</skipped>
</testcase>
</testsuite>
<testsuite name="ffb_harvesting\HarvestingAdd.spec.ts" timestamp="2026-08-19T04:13:40.336Z" hostname="chromium" tests="1" failures="0" skipped="1" time="0" errors="0">
<testcase name="[TC-170] FFB Harvesting - Add automated flow" classname="ffb_harvesting\HarvestingAdd.spec.ts">
<skipped>
</skipped>
</testcase>
</testsuite>
<testsuite name="ffb_harvesting\HarvestingMaxBunchValidation.spec.ts" timestamp="2026-08-19T04:13:40.336Z" hostname="chromium" tests="1" failures="0" skipped="1" time="0" errors="0">
<testcase name="[TC-161] Auto-correct Total Harvested Bunches when value is more than 1000" classname="ffb_harvesting\HarvestingMaxBunchValidation.spec.ts">
<skipped>
</skipped>
</testcase>
</testsuite>
</testsuites>